# JRE version: Java(TM) SE Runtime Environment (8.0_77-b03) (build 1.8.0_77-b03)
# Java VM: Java HotSpot(TM) 64-Bit Server VM (25.77-b03 mixed mode windows-amd64 compressed oops)
Heap:
 PSYoungGen      total 260608K, used 8382K [0x00000000d5580000, 0x00000000ee180000, 0x0000000100000000)
  eden space 248832K, 3% used [0x00000000d5580000,0x00000000d5dafb18,0x00000000e4880000)
  from space 11776K, 0% used [0x00000000e4880000,0x00000000e4880000,0x00000000e5400000)
  to   space 19456K, 0% used [0x00000000ece80000,0x00000000ece80000,0x00000000ee180000)
 ParOldGen       total 60928K, used 35263K [0x0000000080000000, 0x0000000083b80000, 0x00000000d5580000)
  object space 60928K, 57% used [0x0000000080000000,0x000000008226fea0,0x0000000083b80000)
 Metaspace       used 58099K, capacity 61148K, committed 61232K, reserved 1101824K
  class space    used 7981K, capacity 8499K, committed 8532K, reserved 1048576K
GC Heap History (10 events):
Event: 4.372 GC heap before
{Heap before GC invocations=8 (full 1):
 PSYoungGen      total 141824K, used 133120K [0x00000000d5580000, 0x00000000de880000, 0x0000000100000000)
  eden space 133120K, 100% used [0x00000000d5580000,0x00000000dd780000,0x00000000dd780000)
  from space 8704K, 0% used [0x00000000de000000,0x00000000de000000,0x00000000de880000)
  to   space 8704K, 0% used [0x00000000dd780000,0x00000000dd780000,0x00000000de000000)
 ParOldGen       total 44544K, used 4980K [0x0000000080000000, 0x0000000082b80000, 0x00000000d5580000)
  object space 44544K, 11% used [0x0000000080000000,0x00000000804dd048,0x0000000082b80000)
 Metaspace       used 29971K, capacity 31588K, committed 31868K, reserved 1077248K
  class space    used 3934K, capacity 4219K, committed 4224K, reserved 1048576K
Event: 4.391 GC heap after
Heap after GC invocations=8 (full 1):
 PSYoungGen      total 141824K, used 8702K [0x00000000d5580000, 0x00000000e6100000, 0x0000000100000000)
  eden space 133120K, 0% used [0x00000000d5580000,0x00000000d5580000,0x00000000dd780000)
  from space 8704K, 99% used [0x00000000dd780000,0x00000000ddfff9d0,0x00000000de000000)
  to   space 11264K, 0% used [0x00000000e5600000,0x00000000e5600000,0x00000000e6100000)
 ParOldGen       total 44544K, used 8962K [0x0000000080000000, 0x0000000082b80000, 0x00000000d5580000)
  object space 44544K, 20% used [0x0000000080000000,0x00000000808c0b48,0x0000000082b80000)
 Metaspace       used 29971K, capacity 31588K, committed 31868K, reserved 1077248K
  class space    used 3934K, capacity 4219K, committed 4224K, reserved 1048576K
}
Event: 5.129 GC heap before
{Heap before GC invocations=9 (full 1):
 PSYoungGen      total 141824K, used 44498K [0x00000000d5580000, 0x00000000e6100000, 0x0000000100000000)
  eden space 133120K, 26% used [0x00000000d5580000,0x00000000d78751a8,0x00000000dd780000)
  from space 8704K, 99% used [0x00000000dd780000,0x00000000ddfff9d0,0x00000000de000000)
  to   space 11264K, 0% used [0x00000000e5600000,0x00000000e5600000,0x00000000e6100000)
 ParOldGen       total 44544K, used 8962K [0x0000000080000000, 0x0000000082b80000, 0x00000000d5580000)
  object space 44544K, 20% used [0x0000000080000000,0x00000000808c0b48,0x0000000082b80000)
 Metaspace       used 34154K, capacity 35860K, committed 36048K, reserved 1081344K
  class space    used 4431K, capacity 4743K, committed 4820K, reserved 1048576K
Event: 5.144 GC heap after
Heap after GC invocations=9 (full 1):
 PSYoungGen      total 257536K, used 9357K [0x00000000d5580000, 0x00000000e5f80000, 0x0000000100000000)
  eden space 247808K, 0% used [0x00000000d5580000,0x00000000d5580000,0x00000000e4780000)
  from space 9728K, 96% used [0x00000000e5600000,0x00000000e5f235d8,0x00000000e5f80000)
  to   space 11776K, 0% used [0x00000000e4880000,0x00000000e4880000,0x00000000e5400000)
 ParOldGen       total 44544K, used 9034K [0x0000000080000000, 0x0000000082b80000, 0x00000000d5580000)
  object space 44544K, 20% used [0x0000000080000000,0x00000000808d2b58,0x0000000082b80000)
 Metaspace       used 34154K, capacity 35860K, committed 36048K, reserved 1081344K
  class space    used 4431K, capacity 4743K, committed 4820K, reserved 1048576K
}
Event: 5.144 GC heap before
{Heap before GC invocations=10 (full 2):
 PSYoungGen      total 257536K, used 9357K [0x00000000d5580000, 0x00000000e5f80000, 0x0000000100000000)
  eden space 247808K, 0% used [0x00000000d5580000,0x00000000d5580000,0x00000000e4780000)
  from space 9728K, 96% used [0x00000000e5600000,0x00000000e5f235d8,0x00000000e5f80000)
  to   space 11776K, 0% used [0x00000000e4880000,0x00000000e4880000,0x00000000e5400000)
 ParOldGen       total 44544K, used 9034K [0x0000000080000000, 0x0000000082b80000, 0x00000000d5580000)
  object space 44544K, 20% used [0x0000000080000000,0x00000000808d2b58,0x0000000082b80000)
 Metaspace       used 34154K, capacity 35860K, committed 36048K, reserved 1081344K
  class space    used 4431K, capacity 4743K, committed 4820K, reserved 1048576K
Event: 5.223 GC heap after
Heap after GC invocations=10 (full 2):
 PSYoungGen      total 257536K, used 0K [0x00000000d5580000, 0x00000000e5f80000, 0x0000000100000000)
  eden space 247808K, 0% used [0x00000000d5580000,0x00000000d5580000,0x00000000e4780000)
  from space 9728K, 0% used [0x00000000e5600000,0x00000000e5600000,0x00000000e5f80000)
  to   space 11776K, 0% used [0x00000000e4880000,0x00000000e4880000,0x00000000e5400000)
 ParOldGen       total 60928K, used 13908K [0x0000000080000000, 0x0000000083b80000, 0x00000000d5580000)
  object space 60928K, 22% used [0x0000000080000000,0x0000000080d95140,0x0000000083b80000)
 Metaspace       used 34154K, capacity 35860K, committed 36048K, reserved 1081344K
  class space    used 4431K, capacity 4743K, committed 4820K, reserved 1048576K
}
Event: 96.558 GC heap before
{Heap before GC invocations=11 (full 2):
 PSYoungGen      total 257536K, used 242178K [0x00000000d5580000, 0x00000000e5f80000, 0x0000000100000000)
  eden space 247808K, 97% used [0x00000000d5580000,0x00000000e42009f8,0x00000000e4780000)
  from space 9728K, 0% used [0x00000000e5600000,0x00000000e5600000,0x00000000e5f80000)
  to   space 11776K, 0% used [0x00000000e4880000,0x00000000e4880000,0x00000000e5400000)
 ParOldGen       total 60928K, used 13908K [0x0000000080000000, 0x0000000083b80000, 0x00000000d5580000)
  object space 60928K, 22% used [0x0000000080000000,0x0000000080d95140,0x0000000083b80000)
 Metaspace       used 57014K, capacity 59998K, committed 60080K, reserved 1101824K
  class space    used 7834K, capacity 8332K, committed 8404K, reserved 1048576K
Event: 96.626 GC heap after
Heap after GC invocations=11 (full 2):
 PSYoungGen      total 260608K, used 11767K [0x00000000d5580000, 0x00000000ee180000, 0x0000000100000000)
  eden space 248832K, 0% used [0x00000000d5580000,0x00000000d5580000,0x00000000e4880000)
  from space 11776K, 99% used [0x00000000e4880000,0x00000000e53fde50,0x00000000e5400000)
  to   space 19456K, 0% used [0x00000000ece80000,0x00000000ece80000,0x00000000ee180000)
 ParOldGen       total 60928K, used 28892K [0x0000000080000000, 0x0000000083b80000, 0x00000000d5580000)
  object space 60928K, 47% used [0x0000000080000000,0x0000000081c37000,0x0000000083b80000)
 Metaspace       used 57014K, capacity 59998K, committed 60080K, reserved 1101824K
  class space    used 7834K, capacity 8332K, committed 8404K, reserved 1048576K
}
Event: 96.626 GC heap before
{Heap before GC invocations=12 (full 3):
 PSYoungGen      total 260608K, used 11767K [0x00000000d5580000, 0x00000000ee180000, 0x0000000100000000)
  eden space 248832K, 0% used [0x00000000d5580000,0x00000000d5580000,0x00000000e4880000)
  from space 11776K, 99% used [0x00000000e4880000,0x00000000e53fde50,0x00000000e5400000)
  to   space 19456K, 0% used [0x00000000ece80000,0x00000000ece80000,0x00000000ee180000)
 ParOldGen       total 60928K, used 28892K [0x0000000080000000, 0x0000000083b80000, 0x00000000d5580000)
  object space 60928K, 47% used [0x0000000080000000,0x0000000081c37000,0x0000000083b80000)
 Metaspace       used 57014K, capacity 59998K, committed 60080K, reserved 1101824K
  class space    used 7834K, capacity 8332K, committed 8404K, reserved 1048576K
Event: 96.831 GC heap after
Heap after GC invocations=12 (full 3):
 PSYoungGen      total 260608K, used 0K [0x00000000d5580000, 0x00000000ee180000, 0x0000000100000000)
  eden space 248832K, 0% used [0x00000000d5580000,0x00000000d5580000,0x00000000e4880000)
  from space 11776K, 0% used [0x00000000e4880000,0x00000000e4880000,0x00000000e5400000)
  to   space 19456K, 0% used [0x00000000ece80000,0x00000000ece80000,0x00000000ee180000)
 ParOldGen       total 60928K, used 35263K [0x0000000080000000, 0x0000000083b80000, 0x00000000d5580000)
  object space 60928K, 57% used [0x0000000080000000,0x000000008226fea0,0x0000000083b80000)
 Metaspace       used 57014K, capacity 59998K, committed 60080K, reserved 1101824K
  class space    used 7834K, capacity 8332K, committed 8404K, reserved 1048576K
}

